[debug] [2025-09-21T01:24:55.026Z] ----------------------------------------------------------------------
[debug] [2025-09-21T01:24:55.030Z] Command:       /opt/homebrew/Cellar/node/24.7.0/bin/node /opt/homebrew/bin/firebase deploy --only apphosting
[debug] [2025-09-21T01:24:55.030Z] CLI Version:   14.17.0
[debug] [2025-09-21T01:24:55.030Z] Platform:      darwin
[debug] [2025-09-21T01:24:55.030Z] Node Version:  v24.7.0
[debug] [2025-09-21T01:24:55.030Z] Time:          Sun Sep 21 2025 02:24:55 GMT+0100 (British Summer Time)
[debug] [2025-09-21T01:24:55.031Z] ----------------------------------------------------------------------
[debug] 
[debug] [2025-09-21T01:24:55.134Z] > command requires scopes: ["email","openid","https://www.googleapis.com/auth/cloudplatformprojects.readonly","https://www.googleapis.com/auth/firebase","https://www.googleapis.com/auth/cloud-platform"]
[debug] [2025-09-21T01:24:55.135Z] > authorizing via signed-in user (iaintait@gmail.com)
[debug] [2025-09-21T01:24:55.135Z] [iam] checking project hyper-mart-shop for permissions ["firebase.projects.get",null]
[debug] [2025-09-21T01:24:55.135Z] Checked if tokens are valid: true, expires at: 1758419087003
[debug] [2025-09-21T01:24:55.135Z] Checked if tokens are valid: true, expires at: 1758419087003
[debug] [2025-09-21T01:24:55.136Z] >>> [apiv2][query] POST https://cloudresourcemanager.googleapis.com/v1/projects/hyper-mart-shop:testIamPermissions [none]
[debug] [2025-09-21T01:24:55.136Z] >>> [apiv2][(partial)header] POST https://cloudresourcemanager.googleapis.com/v1/projects/hyper-mart-shop:testIamPermissions x-goog-quota-user=projects/hyper-mart-shop
[debug] [2025-09-21T01:24:55.136Z] >>> [apiv2][body] POST https://cloudresourcemanager.googleapis.com/v1/projects/hyper-mart-shop:testIamPermissions {"permissions":["firebase.projects.get",null]}
[debug] [2025-09-21T01:24:55.872Z] <<< [apiv2][status] POST https://cloudresourcemanager.googleapis.com/v1/projects/hyper-mart-shop:testIamPermissions 200
[debug] [2025-09-21T01:24:55.872Z] <<< [apiv2][body] POST https://cloudresourcemanager.googleapis.com/v1/projects/hyper-mart-shop:testIamPermissions {"permissions":["firebase.projects.get"]}
[debug] [2025-09-21T01:24:55.872Z] [iam] error while checking permissions, command may fail: Authorization failed. This account is missing the following required permissions on project hyper-mart-shop:

  
[info] 
[info] === Deploying to 'hyper-mart-shop'...
[info] 
[info] i  deploying apphosting 
[debug] [2025-09-21T01:24:55.874Z] Checked if tokens are valid: true, expires at: 1758419087003
[debug] [2025-09-21T01:24:55.874Z] Checked if tokens are valid: true, expires at: 1758419087003
[debug] [2025-09-21T01:24:55.874Z] >>> [apiv2][query] POST https://iam.googleapis.com/v1/projects/hyper-mart-shop/serviceAccounts/firebase-app-hosting-compute@hyper-mart-shop.iam.gserviceaccount.com:testIamPermissions [none]
[debug] [2025-09-21T01:24:55.875Z] >>> [apiv2][(partial)header] POST https://iam.googleapis.com/v1/projects/hyper-mart-shop/serviceAccounts/firebase-app-hosting-compute@hyper-mart-shop.iam.gserviceaccount.com:testIamPermissions x-goog-quota-user=projects/hyper-mart-shop
[debug] [2025-09-21T01:24:55.875Z] >>> [apiv2][body] POST https://iam.googleapis.com/v1/projects/hyper-mart-shop/serviceAccounts/firebase-app-hosting-compute@hyper-mart-shop.iam.gserviceaccount.com:testIamPermissions {"permissions":["iam.serviceAccounts.actAs"]}
[debug] [2025-09-21T01:24:56.064Z] <<< [apiv2][status] POST https://iam.googleapis.com/v1/projects/hyper-mart-shop/serviceAccounts/firebase-app-hosting-compute@hyper-mart-shop.iam.gserviceaccount.com:testIamPermissions 200
[debug] [2025-09-21T01:24:56.065Z] <<< [apiv2][body] POST https://iam.googleapis.com/v1/projects/hyper-mart-shop/serviceAccounts/firebase-app-hosting-compute@hyper-mart-shop.iam.gserviceaccount.com:testIamPermissions {"permissions":["iam.serviceAccounts.actAs"]}
[debug] [2025-09-21T01:24:56.065Z] Checked if tokens are valid: true, expires at: 1758419087003
[debug] [2025-09-21T01:24:56.065Z] Checked if tokens are valid: true, expires at: 1758419087003
[debug] [2025-09-21T01:24:56.065Z] >>> [apiv2][query] POST https://iam.googleapis.com/v1/projects/hyper-mart-shop/serviceAccounts [none]
[debug] [2025-09-21T01:24:56.065Z] >>> [apiv2][body] POST https://iam.googleapis.com/v1/projects/hyper-mart-shop/serviceAccounts {"accountId":"firebase-app-hosting-compute","serviceAccount":{"displayName":"Firebase App Hosting compute service account","description":"Default service account used to run builds and deploys for Firebase App Hosting"}}
[debug] [2025-09-21T01:24:56.677Z] <<< [apiv2][status] POST https://iam.googleapis.com/v1/projects/hyper-mart-shop/serviceAccounts 409
[debug] [2025-09-21T01:24:56.677Z] <<< [apiv2][body] POST https://iam.googleapis.com/v1/projects/hyper-mart-shop/serviceAccounts [omitted]
[debug] [2025-09-21T01:24:56.678Z] Checked if tokens are valid: true, expires at: 1758419087003
[debug] [2025-09-21T01:24:56.678Z] Checked if tokens are valid: true, expires at: 1758419087003
[debug] [2025-09-21T01:24:56.678Z] >>> [apiv2][query] POST https://cloudresourcemanager.googleapis.com/v1/projects/hyper-mart-shop:getIamPolicy [none]
[debug] [2025-09-21T01:24:56.886Z] <<< [apiv2][status] POST https://cloudresourcemanager.googleapis.com/v1/projects/hyper-mart-shop:getIamPolicy 200
[debug] [2025-09-21T01:24:56.886Z] <<< [apiv2][body] POST https://cloudresourcemanager.googleapis.com/v1/projects/hyper-mart-shop:getIamPolicy {"version":1,"etag":"BwY/RXxPIW4=","bindings":[{"role":"roles/artifactregistry.serviceAgent","members":["serviceAccount:service-319309076826@gcp-sa-artifactregistry.iam.gserviceaccount.com"]},{"role":"roles/cloudaicompanion.serviceAgent","members":["serviceAccount:service-319309076826@gcp-sa-cloudaicompanion.iam.gserviceaccount.com"]},{"role":"roles/cloudbuild.builds.builder","members":["serviceAccount:319309076826@cloudbuild.gserviceaccount.com"]},{"role":"roles/cloudbuild.serviceAgent","members":["serviceAccount:service-319309076826@gcp-sa-cloudbuild.iam.gserviceaccount.com"]},{"role":"roles/containerregistry.ServiceAgent","members":["serviceAccount:service-319309076826@containerregistry.iam.gserviceaccount.com"]},{"role":"roles/developerconnect.readTokenAccessor","members":["serviceAccount:firebase-app-hosting-compute@hyper-mart-shop.iam.gserviceaccount.com"]},{"role":"roles/developerconnect.serviceAgent","members":["serviceAccount:service-319309076826@gcp-sa-devconnect.iam.gserviceaccount.com"]},{"role":"roles/editor","members":["serviceAccount:319309076826-compute@developer.gserviceaccount.com"]},{"role":"roles/firebase.managementServiceAgent","members":["serviceAccount:service-319309076826@gcp-sa-firebase.iam.gserviceaccount.com"]},{"role":"roles/firebase.sdkAdminServiceAgent","members":["serviceAccount:firebase-adminsdk-fbsvc@hyper-mart-shop.iam.gserviceaccount.com","serviceAccount:firebase-app-hosting-compute@hyper-mart-shop.iam.gserviceaccount.com"]},{"role":"roles/firebaseapphosting.computeRunner","members":["serviceAccount:firebase-app-hosting-compute@hyper-mart-shop.iam.gserviceaccount.com"]},{"role":"roles/firebaseapphosting.serviceAgent","members":["serviceAccount:service-319309076826@gcp-sa-firebaseapphosting.iam.gserviceaccount.com"]},{"role":"roles/iam.serviceAccountTokenCreator","members":["serviceAccount:firebase-adminsdk-fbsvc@hyper-mart-shop.iam.gserviceaccount.com"]},{"role":"roles/owner","members":["user:iaintait@gmail.com"]},{"role":"roles/run.serviceAgent","members":["serviceAccount:service-319309076826@serverless-robot-prod.iam.gserviceaccount.com"]},{"role":"roles/secretmanager.admin_withcond_cbd229ea5db1dd910fef","members":["serviceAccount:service-319309076826@gcp-sa-devconnect.iam.gserviceaccount.com"]},{"role":"roles/storage.objectViewer","members":["serviceAccount:firebase-app-hosting-compute@hyper-mart-shop.iam.gserviceaccount.com"]}]}
[debug] [2025-09-21T01:24:56.887Z] Checked if tokens are valid: true, expires at: 1758419087003
[debug] [2025-09-21T01:24:56.887Z] Checked if tokens are valid: true, expires at: 1758419087003
[debug] [2025-09-21T01:24:56.887Z] >>> [apiv2][query] POST https://cloudresourcemanager.googleapis.com/v1/projects/hyper-mart-shop:setIamPolicy [none]
[debug] [2025-09-21T01:24:56.887Z] >>> [apiv2][body] POST https://cloudresourcemanager.googleapis.com/v1/projects/hyper-mart-shop:setIamPolicy {"policy":{"version":1,"etag":"BwY/RXxPIW4=","bindings":[{"role":"roles/artifactregistry.serviceAgent","members":["serviceAccount:service-319309076826@gcp-sa-artifactregistry.iam.gserviceaccount.com"]},{"role":"roles/cloudaicompanion.serviceAgent","members":["serviceAccount:service-319309076826@gcp-sa-cloudaicompanion.iam.gserviceaccount.com"]},{"role":"roles/cloudbuild.builds.builder","members":["serviceAccount:319309076826@cloudbuild.gserviceaccount.com"]},{"role":"roles/cloudbuild.serviceAgent","members":["serviceAccount:service-319309076826@gcp-sa-cloudbuild.iam.gserviceaccount.com"]},{"role":"roles/containerregistry.ServiceAgent","members":["serviceAccount:service-319309076826@containerregistry.iam.gserviceaccount.com"]},{"role":"roles/developerconnect.readTokenAccessor","members":["serviceAccount:firebase-app-hosting-compute@hyper-mart-shop.iam.gserviceaccount.com"]},{"role":"roles/developerconnect.serviceAgent","members":["serviceAccount:service-319309076826@gcp-sa-devconnect.iam.gserviceaccount.com"]},{"role":"roles/editor","members":["serviceAccount:319309076826-compute@developer.gserviceaccount.com"]},{"role":"roles/firebase.managementServiceAgent","members":["serviceAccount:service-319309076826@gcp-sa-firebase.iam.gserviceaccount.com"]},{"role":"roles/firebase.sdkAdminServiceAgent","members":["serviceAccount:firebase-adminsdk-fbsvc@hyper-mart-shop.iam.gserviceaccount.com","serviceAccount:firebase-app-hosting-compute@hyper-mart-shop.iam.gserviceaccount.com"]},{"role":"roles/firebaseapphosting.computeRunner","members":["serviceAccount:firebase-app-hosting-compute@hyper-mart-shop.iam.gserviceaccount.com"]},{"role":"roles/firebaseapphosting.serviceAgent","members":["serviceAccount:service-319309076826@gcp-sa-firebaseapphosting.iam.gserviceaccount.com"]},{"role":"roles/iam.serviceAccountTokenCreator","members":["serviceAccount:firebase-adminsdk-fbsvc@hyper-mart-shop.iam.gserviceaccount.com"]},{"role":"roles/owner","members":["user:iaintait@gmail.com"]},{"role":"roles/run.serviceAgent","members":["serviceAccount:service-319309076826@serverless-robot-prod.iam.gserviceaccount.com"]},{"role":"roles/secretmanager.admin_withcond_cbd229ea5db1dd910fef","members":["serviceAccount:service-319309076826@gcp-sa-devconnect.iam.gserviceaccount.com"]},{"role":"roles/storage.objectViewer","members":["serviceAccount:firebase-app-hosting-compute@hyper-mart-shop.iam.gserviceaccount.com"]}]},"updateMask":"bindings"}
[debug] [2025-09-21T01:24:58.081Z] <<< [apiv2][status] POST https://cloudresourcemanager.googleapis.com/v1/projects/hyper-mart-shop:setIamPolicy 200
[debug] [2025-09-21T01:24:58.081Z] <<< [apiv2][body] POST https://cloudresourcemanager.googleapis.com/v1/projects/hyper-mart-shop:setIamPolicy {"version":1,"etag":"BwY/RZItk9U=","bindings":[{"role":"roles/artifactregistry.serviceAgent","members":["serviceAccount:service-319309076826@gcp-sa-artifactregistry.iam.gserviceaccount.com"]},{"role":"roles/cloudaicompanion.serviceAgent","members":["serviceAccount:service-319309076826@gcp-sa-cloudaicompanion.iam.gserviceaccount.com"]},{"role":"roles/cloudbuild.builds.builder","members":["serviceAccount:319309076826@cloudbuild.gserviceaccount.com"]},{"role":"roles/cloudbuild.serviceAgent","members":["serviceAccount:service-319309076826@gcp-sa-cloudbuild.iam.gserviceaccount.com"]},{"role":"roles/containerregistry.ServiceAgent","members":["serviceAccount:service-319309076826@containerregistry.iam.gserviceaccount.com"]},{"role":"roles/developerconnect.readTokenAccessor","members":["serviceAccount:firebase-app-hosting-compute@hyper-mart-shop.iam.gserviceaccount.com"]},{"role":"roles/developerconnect.serviceAgent","members":["serviceAccount:service-319309076826@gcp-sa-devconnect.iam.gserviceaccount.com"]},{"role":"roles/editor","members":["serviceAccount:319309076826-compute@developer.gserviceaccount.com"]},{"role":"roles/firebase.managementServiceAgent","members":["serviceAccount:service-319309076826@gcp-sa-firebase.iam.gserviceaccount.com"]},{"role":"roles/firebase.sdkAdminServiceAgent","members":["serviceAccount:firebase-adminsdk-fbsvc@hyper-mart-shop.iam.gserviceaccount.com","serviceAccount:firebase-app-hosting-compute@hyper-mart-shop.iam.gserviceaccount.com"]},{"role":"roles/firebaseapphosting.computeRunner","members":["serviceAccount:firebase-app-hosting-compute@hyper-mart-shop.iam.gserviceaccount.com"]},{"role":"roles/firebaseapphosting.serviceAgent","members":["serviceAccount:service-319309076826@gcp-sa-firebaseapphosting.iam.gserviceaccount.com"]},{"role":"roles/iam.serviceAccountTokenCreator","members":["serviceAccount:firebase-adminsdk-fbsvc@hyper-mart-shop.iam.gserviceaccount.com"]},{"role":"roles/owner","members":["user:iaintait@gmail.com"]},{"role":"roles/run.serviceAgent","members":["serviceAccount:service-319309076826@serverless-robot-prod.iam.gserviceaccount.com"]},{"role":"roles/secretmanager.admin_withcond_cbd229ea5db1dd910fef","members":["serviceAccount:service-319309076826@gcp-sa-devconnect.iam.gserviceaccount.com"]},{"role":"roles/storage.objectViewer","members":["serviceAccount:firebase-app-hosting-compute@hyper-mart-shop.iam.gserviceaccount.com"]}]}
[debug] [2025-09-21T01:24:58.082Z] Checked if tokens are valid: true, expires at: 1758419087003
[debug] [2025-09-21T01:24:58.082Z] Checked if tokens are valid: true, expires at: 1758419087003
[debug] [2025-09-21T01:24:58.082Z] >>> [apiv2][query] GET https://firebaseapphosting.googleapis.com/v1beta/projects/hyper-mart-shop/locations/-/backends 
[debug] [2025-09-21T01:24:58.970Z] <<< [apiv2][status] GET https://firebaseapphosting.googleapis.com/v1beta/projects/hyper-mart-shop/locations/-/backends 200
[debug] [2025-09-21T01:24:58.970Z] <<< [apiv2][body] GET https://firebaseapphosting.googleapis.com/v1beta/projects/hyper-mart-shop/locations/-/backends {"backends":[{"name":"projects/hyper-mart-shop/locations/europe-west4/backends/hyper-mart-shop","createTime":"2025-09-21T00:57:19.397011499Z","updateTime":"2025-09-21T01:10:51.146484Z","labels":{"deployment-tool":"cli-firebase"},"uri":"hyper-mart-shop--hyper-mart-shop.europe-west4.hosted.app","managedResources":[{"runService":{"service":"projects/319309076826/locations/europe-west4/services/hyper-mart-shop"}}],"codebase":{"repository":"projects/hyper-mart-shop/locations/europe-west4/connections/apphosting-github-conn-5j9e1jl/gitRepositoryLinks/aaiiintt-hyper-mart-shop","rootDirectory":"/"},"uid":"0839e810-11ef-4683-98a1-cc208f5a44e8","etag":"b9tvQzYpkmEzQDIwRN6CMywGt1OvAFF3bgEImB5uhBw","reconciling":false,"servingLocality":"GLOBAL_ACCESS","serviceAccount":"firebase-app-hosting-compute@hyper-mart-shop.iam.gserviceaccount.com","appId":"1:319309076826:web:19443d9028075750fafb63"}]}
[info] i  apphosting: Found backend(s) hyper-mart-shop 
[debug] [2025-09-21T01:24:58.972Z] Checked if tokens are valid: true, expires at: 1758419087003
[debug] [2025-09-21T01:24:58.972Z] Checked if tokens are valid: true, expires at: 1758419087003
[debug] [2025-09-21T01:24:58.972Z] >>> [apiv2][query] GET https://cloudresourcemanager.googleapis.com/v1/projects/hyper-mart-shop [none]
[debug] [2025-09-21T01:24:59.146Z] <<< [apiv2][status] GET https://cloudresourcemanager.googleapis.com/v1/projects/hyper-mart-shop 200
[debug] [2025-09-21T01:24:59.146Z] <<< [apiv2][body] GET https://cloudresourcemanager.googleapis.com/v1/projects/hyper-mart-shop {"projectNumber":"319309076826","projectId":"hyper-mart-shop","lifecycleState":"ACTIVE","name":"hyper-mart-shop","labels":{"firebase":"enabled","firebase-core":"disabled"},"createTime":"2025-09-21T00:43:43.053138Z"}
[debug] [2025-09-21T01:24:59.146Z] Checked if tokens are valid: true, expires at: 1758419087003
[debug] [2025-09-21T01:24:59.146Z] Checked if tokens are valid: true, expires at: 1758419087003
[debug] [2025-09-21T01:24:59.147Z] >>> [apiv2][query] GET https://storage.googleapis.com/storage/v1/b/firebaseapphosting-sources-319309076826-europe-west4 [none]
[debug] [2025-09-21T01:24:59.234Z] <<< [apiv2][status] GET https://storage.googleapis.com/storage/v1/b/firebaseapphosting-sources-319309076826-europe-west4 200
[debug] [2025-09-21T01:24:59.235Z] <<< [apiv2][body] GET https://storage.googleapis.com/storage/v1/b/firebaseapphosting-sources-319309076826-europe-west4 {"kind":"storage#bucket","selfLink":"https://www.googleapis.com/storage/v1/b/firebaseapphosting-sources-319309076826-europe-west4","id":"firebaseapphosting-sources-319309076826-europe-west4","name":"firebaseapphosting-sources-319309076826-europe-west4","projectNumber":"319309076826","generation":"1758417226922967323","metageneration":"1","location":"EUROPE-WEST4","storageClass":"STANDARD","etag":"CAE=","timeCreated":"2025-09-21T01:13:47.400Z","updated":"2025-09-21T01:13:47.400Z","lifecycle":{"rule":[{"action":{"type":"Delete"},"condition":{"age":30}}]},"softDeletePolicy":{"retentionDurationSeconds":"604800","effectiveTime":"2025-09-21T01:13:47.400Z"},"iamConfiguration":{"bucketPolicyOnly":{"enabled":false},"uniformBucketLevelAccess":{"enabled":false},"publicAccessPrevention":"inherited"},"locationType":"region","satisfiesPZI":true}
[info] i  apphosting: Uploading source code at /Users/iaintait/code/hyper-mart-shop/site for backend hyper-mart-shop... 
[debug] [2025-09-21T01:24:59.257Z] Checked if tokens are valid: true, expires at: 1758419087003
[debug] [2025-09-21T01:24:59.257Z] Checked if tokens are valid: true, expires at: 1758419087003
[debug] [2025-09-21T01:24:59.258Z] >>> [apiv2][query] PUT https://storage.googleapis.com/firebaseapphosting-sources-319309076826-europe-west4/hyper-mart-shop--34957-QP1I4f4l7jZy-.zip [none]
[debug] [2025-09-21T01:24:59.258Z] >>> [apiv2][body] PUT https://storage.googleapis.com/firebaseapphosting-sources-319309076826-europe-west4/hyper-mart-shop--34957-QP1I4f4l7jZy-.zip [stream]
[debug] [2025-09-21T01:24:59.396Z] <<< [apiv2][status] PUT https://storage.googleapis.com/firebaseapphosting-sources-319309076826-europe-west4/hyper-mart-shop--34957-QP1I4f4l7jZy-.zip 200
[debug] [2025-09-21T01:24:59.396Z] <<< [apiv2][body] PUT https://storage.googleapis.com/firebaseapphosting-sources-319309076826-europe-west4/hyper-mart-shop--34957-QP1I4f4l7jZy-.zip undefined
[info] i  apphosting: Source code uploaded at gs://firebaseapphosting-sources-319309076826-europe-west4/hyper-mart-shop--34957-QP1I4f4l7jZy-.zip 
[debug] [2025-09-21T01:24:59.398Z] Checked if tokens are valid: true, expires at: 1758419087003
[debug] [2025-09-21T01:24:59.398Z] Checked if tokens are valid: true, expires at: 1758419087003
[debug] [2025-09-21T01:24:59.398Z] Checked if tokens are valid: true, expires at: 1758419087003
[debug] [2025-09-21T01:24:59.398Z] Checked if tokens are valid: true, expires at: 1758419087003
[info] i  apphosting: You may also track the rollout(s) at:
	https://console.firebase.google.com/project/hyper-mart-shop/apphosting 
[debug] [2025-09-21T01:24:59.400Z] >>> [apiv2][query] GET https://firebaseapphosting.googleapis.com/v1beta/projects/hyper-mart-shop/locations/europe-west4/backends/hyper-mart-shop/rollouts 
[debug] [2025-09-21T01:24:59.400Z] >>> [apiv2][query] GET https://firebaseapphosting.googleapis.com/v1beta/projects/hyper-mart-shop/locations/europe-west4/backends/hyper-mart-shop/builds 
[debug] [2025-09-21T01:24:59.526Z] <<< [apiv2][status] GET https://firebaseapphosting.googleapis.com/v1beta/projects/hyper-mart-shop/locations/europe-west4/backends/hyper-mart-shop/rollouts 200
[debug] [2025-09-21T01:24:59.526Z] <<< [apiv2][body] GET https://firebaseapphosting.googleapis.com/v1beta/projects/hyper-mart-shop/locations/europe-west4/backends/hyper-mart-shop/rollouts {"rollouts":[{"name":"projects/hyper-mart-shop/locations/europe-west4/backends/hyper-mart-shop/rollouts/build-2025-09-21-001","createTime":"2025-09-21T01:13:48.284615012Z","updateTime":"2025-09-21T01:17:00.640483Z","state":"FAILED","build":"projects/hyper-mart-shop/locations/europe-west4/backends/hyper-mart-shop/builds/build-2025-09-21-001","labels":{"deployment-tool":"cli-firebase"},"uid":"3e93f0e8-d31c-4045-a982-264fcc5eda0f","etag":"vjIpGyeWh9KPIncLXcFB1aurqYWf2EKq9GOOMJp9Sko","reconciling":false}]}
[debug] [2025-09-21T01:24:59.551Z] <<< [apiv2][status] GET https://firebaseapphosting.googleapis.com/v1beta/projects/hyper-mart-shop/locations/europe-west4/backends/hyper-mart-shop/builds 200
[debug] [2025-09-21T01:24:59.552Z] <<< [apiv2][body] GET https://firebaseapphosting.googleapis.com/v1beta/projects/hyper-mart-shop/locations/europe-west4/backends/hyper-mart-shop/builds {"builds":[{"name":"projects/hyper-mart-shop/locations/europe-west4/backends/hyper-mart-shop/builds/build-2025-09-21-000","state":"FAILED","error":{"code":2,"message":"cloud build is in a failed state and hasn't started: failed build with status FAILURE: "},"config":{"runConfig":{}},"source":{"codebase":{"branch":"main","displayName":"b3686d8bf1566238b50c49e088362ac4c0b1cfb3","hash":"b3686d8bf1566238b50c49e088362ac4c0b1cfb3","commitMessage":"Update README.md","uri":"https://github.com/aaiiintt/hyper-mart-shop/commit/b3686d8bf1566238b50c49e088362ac4c0b1cfb3","author":{"displayName":"aaiiintt","email":"112643501+aaiiintt@users.noreply.github.com"},"commitTime":"2025-09-21T01:07:30Z"}},"buildLogsUri":"https://console.cloud.google.com/cloud-build/builds;region=europe-west4/19fb2943-c605-4478-8ce1-1577acf3482e?project=319309076826","createTime":"2025-09-21T01:09:05.986981454Z","updateTime":"2025-09-21T01:12:39.284155Z","uid":"81b00f7a-ae02-42e4-b0a8-432f94fcd8a7","etag":"yhDxUh0RpKTgxiM8XVJZUVnH1meSQ6uWrtQAJEXXyWk","reconciling":false,"errorSource":"CLOUD_BUILD","errors":[{"error":{"code":2,"message":"cloud build is in a failed state and hasn't started: failed build with status FAILURE: "},"errorSource":"CLOUD_BUILD","cloudResource":"https://cloud.google.com/build"}]},{"name":"projects/hyper-mart-shop/locations/europe-west4/backends/hyper-mart-shop/builds/build-2025-09-21-001","state":"FAILED","error":{"code":9,"message":"generic::failed_precondition: Revision 'hyper-mart-shop-build-2025-09-21-001' is not ready and cannot serve traffic. The user-provided container failed to start and listen on the port defined provided by the PORT=8080 environment variable within the allocated timeout. This can happen when the container port is misconfigured or if the timeout is too short. The health check timeout can be extended. Logs for this revision might contain more information.\n\nLogs URL: https://console.cloud.google.com/logs/viewer?project=hyper-mart-shop&resource=cloud_run_revision/service_name/hyper-mart-shop/revision_name/hyper-mart-shop-build-2025-09-21-001&advancedFilter=resource.type%3D%22cloud_run_revision%22%0Aresource.labels.service_name%3D%22hyper-mart-shop%22%0Aresource.labels.revision_name%3D%22hyper-mart-shop-build-2025-09-21-001%22 \nFor more troubleshooting guidance, see https://cloud.google.com/run/docs/troubleshooting#container-failed-to-start"},"image":"europe-west4-docker.pkg.dev/hyper-mart-shop/firebaseapphosting-images/hyper-mart-shop:build-2025-09-21-001","config":{"runConfig":{},"env":[{"variable":"FIREBASE_CONFIG","value":"{\"databaseURL\":\"\",\"projectId\":\"hyper-mart-shop\",\"storageBucket\":\"hyper-mart-shop.firebasestorage.app\"}","availability":["BUILD","RUNTIME"]},{"variable":"FIREBASE_WEBAPP_CONFIG","value":"{\"apiKey\":\"AIzaSyCfIl4JRQnHLfyjEEtPqyoNCHmD5CJCcUk\",\"appId\":\"1:319309076826:web:19443d9028075750fafb63\",\"authDomain\":\"hyper-mart-shop.firebaseapp.com\",\"databaseURL\":\"\",\"messagingSenderId\":\"319309076826\",\"projectId\":\"hyper-mart-shop\",\"storageBucket\":\"hyper-mart-shop.firebasestorage.app\"}","availability":["BUILD"]}]},"source":{"archive":{"rootDirectory":"/","userStorageUri":"gs://firebaseapphosting-sources-319309076826-europe-west4/hyper-mart-shop--34453-pvAYxFhZh0G6-.zip"}},"buildLogsUri":"https://console.cloud.google.com/cloud-build/builds;region=europe-west4/f0022f92-3987-4e5f-aa15-a499462d75cf?project=319309076826","createTime":"2025-09-21T01:13:48.092980916Z","updateTime":"2025-09-21T01:16:50.709602Z","labels":{"deployment-tool":"cli-firebase"},"uid":"074cb7cc-34eb-4838-ae35-dae8f1e493c2","etag":"iSSMXyx8MucEI9bMpdo8mTPFqfhfRL0tStZ6RTRxl0w","reconciling":false,"errorSource":"CLOUD_RUN","errors":[{"error":{"code":9,"message":"generic::failed_precondition: Revision 'hyper-mart-shop-build-2025-09-21-001' is not ready and cannot serve traffic. The user-provided container failed to start and listen on the port defined provided by the PORT=8080 environment variable within the allocated timeout. This can happen when the container port is misconfigured or if the timeout is too short. The health check timeout can be extended. Logs for this revision might contain more information.\n\nLogs URL: https://console.cloud.google.com/logs/viewer?project=hyper-mart-shop&resource=cloud_run_revision/service_name/hyper-mart-shop/revision_name/hyper-mart-shop-build-2025-09-21-001&advancedFilter=resource.type%3D%22cloud_run_revision%22%0Aresource.labels.service_name%3D%22hyper-mart-shop%22%0Aresource.labels.revision_name%3D%22hyper-mart-shop-build-2025-09-21-001%22 \nFor more troubleshooting guidance, see https://cloud.google.com/run/docs/troubleshooting#container-failed-to-start"},"errorSource":"CLOUD_RUN","cloudResource":"https://cloud.google.com/run"}]}]}
[debug] [2025-09-21T01:24:59.552Z] Checked if tokens are valid: true, expires at: 1758419087003
[debug] [2025-09-21T01:24:59.553Z] Checked if tokens are valid: true, expires at: 1758419087003
[debug] [2025-09-21T01:24:59.553Z] >>> [apiv2][query] POST https://firebaseapphosting.googleapis.com/v1beta/projects/hyper-mart-shop/locations/europe-west4/backends/hyper-mart-shop/builds buildId=build-2025-09-21-002
[debug] [2025-09-21T01:24:59.553Z] >>> [apiv2][body] POST https://firebaseapphosting.googleapis.com/v1beta/projects/hyper-mart-shop/locations/europe-west4/backends/hyper-mart-shop/builds {"source":{"archive":{"userStorageUri":"gs://firebaseapphosting-sources-319309076826-europe-west4/hyper-mart-shop--34957-QP1I4f4l7jZy-.zip","rootDirectory":"/"}},"labels":{"deployment-tool":"cli-firebase"}}
[debug] [2025-09-21T01:24:59.670Z] <<< [apiv2][status] POST https://firebaseapphosting.googleapis.com/v1beta/projects/hyper-mart-shop/locations/europe-west4/backends/hyper-mart-shop/builds 200
[debug] [2025-09-21T01:24:59.671Z] <<< [apiv2][body] POST https://firebaseapphosting.googleapis.com/v1beta/projects/hyper-mart-shop/locations/europe-west4/backends/hyper-mart-shop/builds {"name":"projects/hyper-mart-shop/locations/europe-west4/operations/operation-1758417899622-63f45924611a3-d15f2b58-587d4570","metadata":{"@type":"type.googleapis.com/google.firebase.apphosting.v1beta.OperationMetadata","createTime":"2025-09-21T01:24:59.665969063Z","target":"projects/hyper-mart-shop/locations/europe-west4/backends/hyper-mart-shop/builds/build-2025-09-21-002","verb":"create","requestedCancellation":false,"apiVersion":"v1beta"},"done":false}
[debug] [2025-09-21T01:24:59.671Z] Checked if tokens are valid: true, expires at: 1758419087003
[debug] [2025-09-21T01:24:59.671Z] Checked if tokens are valid: true, expires at: 1758419087003
[debug] [2025-09-21T01:24:59.672Z] >>> [apiv2][query] POST https://firebaseapphosting.googleapis.com/v1beta/projects/hyper-mart-shop/locations/europe-west4/backends/hyper-mart-shop/rollouts rolloutId=build-2025-09-21-002&validateOnly=true
[debug] [2025-09-21T01:24:59.672Z] >>> [apiv2][body] POST https://firebaseapphosting.googleapis.com/v1beta/projects/hyper-mart-shop/locations/europe-west4/backends/hyper-mart-shop/rollouts {"build":"projects/hyper-mart-shop/locations/europe-west4/backends/hyper-mart-shop/builds/build-2025-09-21-002","labels":{"deployment-tool":"cli-firebase"}}
[debug] [2025-09-21T01:24:59.746Z] <<< [apiv2][status] POST https://firebaseapphosting.googleapis.com/v1beta/projects/hyper-mart-shop/locations/europe-west4/backends/hyper-mart-shop/rollouts 200
[debug] [2025-09-21T01:24:59.746Z] <<< [apiv2][body] POST https://firebaseapphosting.googleapis.com/v1beta/projects/hyper-mart-shop/locations/europe-west4/backends/hyper-mart-shop/rollouts {}
[debug] [2025-09-21T01:24:59.746Z] Checked if tokens are valid: true, expires at: 1758419087003
[debug] [2025-09-21T01:24:59.746Z] Checked if tokens are valid: true, expires at: 1758419087003
[debug] [2025-09-21T01:24:59.747Z] >>> [apiv2][query] POST https://firebaseapphosting.googleapis.com/v1beta/projects/hyper-mart-shop/locations/europe-west4/backends/hyper-mart-shop/rollouts rolloutId=build-2025-09-21-002&validateOnly=false
[debug] [2025-09-21T01:24:59.747Z] >>> [apiv2][body] POST https://firebaseapphosting.googleapis.com/v1beta/projects/hyper-mart-shop/locations/europe-west4/backends/hyper-mart-shop/rollouts {"build":"projects/hyper-mart-shop/locations/europe-west4/backends/hyper-mart-shop/builds/build-2025-09-21-002","labels":{"deployment-tool":"cli-firebase"}}
[debug] [2025-09-21T01:24:59.846Z] <<< [apiv2][status] POST https://firebaseapphosting.googleapis.com/v1beta/projects/hyper-mart-shop/locations/europe-west4/backends/hyper-mart-shop/rollouts 200
[debug] [2025-09-21T01:24:59.846Z] <<< [apiv2][body] POST https://firebaseapphosting.googleapis.com/v1beta/projects/hyper-mart-shop/locations/europe-west4/backends/hyper-mart-shop/rollouts {"name":"projects/hyper-mart-shop/locations/europe-west4/operations/operation-1758417899824-63f459249260c-0a8afae8-e0aa7754","metadata":{"@type":"type.googleapis.com/google.firebase.apphosting.v1beta.OperationMetadata","createTime":"2025-09-21T01:24:59.838653816Z","target":"projects/hyper-mart-shop/locations/europe-west4/backends/hyper-mart-shop/rollouts/build-2025-09-21-002","verb":"create","requestedCancellation":false,"apiVersion":"v1beta"},"done":false}
[debug] [2025-09-21T01:24:59.846Z] Checked if tokens are valid: true, expires at: 1758419087003
[debug] [2025-09-21T01:24:59.846Z] Checked if tokens are valid: true, expires at: 1758419087003
[debug] [2025-09-21T01:24:59.846Z] Checked if tokens are valid: true, expires at: 1758419087003
[debug] [2025-09-21T01:24:59.846Z] Checked if tokens are valid: true, expires at: 1758419087003
[debug] [2025-09-21T01:24:59.846Z] >>> [apiv2][query] GET https://firebaseapphosting.googleapis.com/v1beta/projects/hyper-mart-shop/locations/europe-west4/operations/operation-1758417899824-63f459249260c-0a8afae8-e0aa7754 [none]
[debug] [2025-09-21T01:24:59.847Z] >>> [apiv2][query] GET https://firebaseapphosting.googleapis.com/v1beta/projects/hyper-mart-shop/locations/europe-west4/operations/operation-1758417899622-63f45924611a3-d15f2b58-587d4570 [none]
[debug] [2025-09-21T01:24:59.885Z] <<< [apiv2][status] GET https://firebaseapphosting.googleapis.com/v1beta/projects/hyper-mart-shop/locations/europe-west4/operations/operation-1758417899622-63f45924611a3-d15f2b58-587d4570 200
[debug] [2025-09-21T01:24:59.886Z] <<< [apiv2][body] GET https://firebaseapphosting.googleapis.com/v1beta/projects/hyper-mart-shop/locations/europe-west4/operations/operation-1758417899622-63f45924611a3-d15f2b58-587d4570 {"name":"projects/hyper-mart-shop/locations/europe-west4/operations/operation-1758417899622-63f45924611a3-d15f2b58-587d4570","metadata":{"@type":"type.googleapis.com/google.firebase.apphosting.v1beta.OperationMetadata","createTime":"2025-09-21T01:24:59.665969063Z","target":"projects/hyper-mart-shop/locations/europe-west4/backends/hyper-mart-shop/builds/build-2025-09-21-002","verb":"create","requestedCancellation":false,"apiVersion":"v1beta"},"done":false}
[debug] [2025-09-21T01:24:59.996Z] <<< [apiv2][status] GET https://firebaseapphosting.googleapis.com/v1beta/projects/hyper-mart-shop/locations/europe-west4/operations/operation-1758417899824-63f459249260c-0a8afae8-e0aa7754 200
[debug] [2025-09-21T01:24:59.997Z] <<< [apiv2][body] GET https://firebaseapphosting.googleapis.com/v1beta/projects/hyper-mart-shop/locations/europe-west4/operations/operation-1758417899824-63f459249260c-0a8afae8-e0aa7754 {"name":"projects/hyper-mart-shop/locations/europe-west4/operations/operation-1758417899824-63f459249260c-0a8afae8-e0aa7754","metadata":{"@type":"type.googleapis.com/google.firebase.apphosting.v1beta.OperationMetadata","createTime":"2025-09-21T01:24:59.838653816Z","endTime":"2025-09-21T01:24:59.866150741Z","target":"projects/hyper-mart-shop/locations/europe-west4/backends/hyper-mart-shop/rollouts/build-2025-09-21-002","verb":"create","requestedCancellation":false,"apiVersion":"v1beta"},"done":true,"response":{"@type":"type.googleapis.com/google.firebase.apphosting.v1beta.Rollout","name":"projects/hyper-mart-shop/locations/europe-west4/backends/hyper-mart-shop/rollouts/build-2025-09-21-002","createTime":"2025-09-21T01:24:59.833722986Z","updateTime":"2025-09-21T01:24:59.863944Z","state":"QUEUED","build":"projects/hyper-mart-shop/locations/europe-west4/backends/hyper-mart-shop/builds/build-2025-09-21-002","labels":{"deployment-tool":"cli-firebase"},"uid":"b40af0e1-4425-430f-9016-e52fb44218e8","etag":"-JmV7eGI2CUPtjDX1buyQQYp8KmSmc5PGGGtuL_VLUE","reconciling":false}}
[debug] [2025-09-21T01:25:00.387Z] [create-hyper-mart-shop-europe-west4-backend-hyper-mart-shop-build-build-2025-09-21-002] Retrying task index 0
[debug] [2025-09-21T01:25:00.387Z] Checked if tokens are valid: true, expires at: 1758419087003
[debug] [2025-09-21T01:25:00.388Z] Checked if tokens are valid: true, expires at: 1758419087003
[debug] [2025-09-21T01:25:00.388Z] >>> [apiv2][query] GET https://firebaseapphosting.googleapis.com/v1beta/projects/hyper-mart-shop/locations/europe-west4/operations/operation-1758417899622-63f45924611a3-d15f2b58-587d4570 [none]
[debug] [2025-09-21T01:25:00.425Z] <<< [apiv2][status] GET https://firebaseapphosting.googleapis.com/v1beta/projects/hyper-mart-shop/locations/europe-west4/operations/operation-1758417899622-63f45924611a3-d15f2b58-587d4570 200
[debug] [2025-09-21T01:25:00.426Z] <<< [apiv2][body] GET https://firebaseapphosting.googleapis.com/v1beta/projects/hyper-mart-shop/locations/europe-west4/operations/operation-1758417899622-63f45924611a3-d15f2b58-587d4570 {"name":"projects/hyper-mart-shop/locations/europe-west4/operations/operation-1758417899622-63f45924611a3-d15f2b58-587d4570","metadata":{"@type":"type.googleapis.com/google.firebase.apphosting.v1beta.OperationMetadata","createTime":"2025-09-21T01:24:59.665969063Z","target":"projects/hyper-mart-shop/locations/europe-west4/backends/hyper-mart-shop/builds/build-2025-09-21-002","verb":"create","requestedCancellation":false,"apiVersion":"v1beta"},"done":false}
[debug] [2025-09-21T01:25:01.427Z] [create-hyper-mart-shop-europe-west4-backend-hyper-mart-shop-build-build-2025-09-21-002] Retrying task index 0
[debug] [2025-09-21T01:25:01.428Z] Checked if tokens are valid: true, expires at: 1758419087003
[debug] [2025-09-21T01:25:01.428Z] Checked if tokens are valid: true, expires at: 1758419087003
[debug] [2025-09-21T01:25:01.428Z] >>> [apiv2][query] GET https://firebaseapphosting.googleapis.com/v1beta/projects/hyper-mart-shop/locations/europe-west4/operations/operation-1758417899622-63f45924611a3-d15f2b58-587d4570 [none]
[debug] [2025-09-21T01:25:01.470Z] <<< [apiv2][status] GET https://firebaseapphosting.googleapis.com/v1beta/projects/hyper-mart-shop/locations/europe-west4/operations/operation-1758417899622-63f45924611a3-d15f2b58-587d4570 200
[debug] [2025-09-21T01:25:01.470Z] <<< [apiv2][body] GET https://firebaseapphosting.googleapis.com/v1beta/projects/hyper-mart-shop/locations/europe-west4/operations/operation-1758417899622-63f45924611a3-d15f2b58-587d4570 {"name":"projects/hyper-mart-shop/locations/europe-west4/operations/operation-1758417899622-63f45924611a3-d15f2b58-587d4570","metadata":{"@type":"type.googleapis.com/google.firebase.apphosting.v1beta.OperationMetadata","createTime":"2025-09-21T01:24:59.665969063Z","target":"projects/hyper-mart-shop/locations/europe-west4/backends/hyper-mart-shop/builds/build-2025-09-21-002","verb":"create","requestedCancellation":false,"apiVersion":"v1beta"},"done":false}
[debug] [2025-09-21T01:25:03.471Z] [create-hyper-mart-shop-europe-west4-backend-hyper-mart-shop-build-build-2025-09-21-002] Retrying task index 0
[debug] [2025-09-21T01:25:03.476Z] Checked if tokens are valid: true, expires at: 1758419087003
[debug] [2025-09-21T01:25:03.476Z] Checked if tokens are valid: true, expires at: 1758419087003
[debug] [2025-09-21T01:25:03.476Z] >>> [apiv2][query] GET https://firebaseapphosting.googleapis.com/v1beta/projects/hyper-mart-shop/locations/europe-west4/operations/operation-1758417899622-63f45924611a3-d15f2b58-587d4570 [none]
[debug] [2025-09-21T01:25:03.513Z] <<< [apiv2][status] GET https://firebaseapphosting.googleapis.com/v1beta/projects/hyper-mart-shop/locations/europe-west4/operations/operation-1758417899622-63f45924611a3-d15f2b58-587d4570 200
[debug] [2025-09-21T01:25:03.513Z] <<< [apiv2][body] GET https://firebaseapphosting.googleapis.com/v1beta/projects/hyper-mart-shop/locations/europe-west4/operations/operation-1758417899622-63f45924611a3-d15f2b58-587d4570 {"name":"projects/hyper-mart-shop/locations/europe-west4/operations/operation-1758417899622-63f45924611a3-d15f2b58-587d4570","metadata":{"@type":"type.googleapis.com/google.firebase.apphosting.v1beta.OperationMetadata","createTime":"2025-09-21T01:24:59.665969063Z","target":"projects/hyper-mart-shop/locations/europe-west4/backends/hyper-mart-shop/builds/build-2025-09-21-002","verb":"create","requestedCancellation":false,"apiVersion":"v1beta"},"done":false}
[debug] [2025-09-21T01:25:07.514Z] [create-hyper-mart-shop-europe-west4-backend-hyper-mart-shop-build-build-2025-09-21-002] Retrying task index 0
[debug] [2025-09-21T01:25:07.516Z] Checked if tokens are valid: true, expires at: 1758419087003
[debug] [2025-09-21T01:25:07.516Z] Checked if tokens are valid: true, expires at: 1758419087003
[debug] [2025-09-21T01:25:07.517Z] >>> [apiv2][query] GET https://firebaseapphosting.googleapis.com/v1beta/projects/hyper-mart-shop/locations/europe-west4/operations/operation-1758417899622-63f45924611a3-d15f2b58-587d4570 [none]
[debug] [2025-09-21T01:25:07.552Z] <<< [apiv2][status] GET https://firebaseapphosting.googleapis.com/v1beta/projects/hyper-mart-shop/locations/europe-west4/operations/operation-1758417899622-63f45924611a3-d15f2b58-587d4570 200
[debug] [2025-09-21T01:25:07.552Z] <<< [apiv2][body] GET https://firebaseapphosting.googleapis.com/v1beta/projects/hyper-mart-shop/locations/europe-west4/operations/operation-1758417899622-63f45924611a3-d15f2b58-587d4570 {"name":"projects/hyper-mart-shop/locations/europe-west4/operations/operation-1758417899622-63f45924611a3-d15f2b58-587d4570","metadata":{"@type":"type.googleapis.com/google.firebase.apphosting.v1beta.OperationMetadata","createTime":"2025-09-21T01:24:59.665969063Z","target":"projects/hyper-mart-shop/locations/europe-west4/backends/hyper-mart-shop/builds/build-2025-09-21-002","verb":"create","requestedCancellation":false,"apiVersion":"v1beta"},"done":false}
[debug] [2025-09-21T01:25:15.553Z] [create-hyper-mart-shop-europe-west4-backend-hyper-mart-shop-build-build-2025-09-21-002] Retrying task index 0
[debug] [2025-09-21T01:25:15.554Z] Checked if tokens are valid: true, expires at: 1758419087003
[debug] [2025-09-21T01:25:15.554Z] Checked if tokens are valid: true, expires at: 1758419087003
[debug] [2025-09-21T01:25:15.555Z] >>> [apiv2][query] GET https://firebaseapphosting.googleapis.com/v1beta/projects/hyper-mart-shop/locations/europe-west4/operations/operation-1758417899622-63f45924611a3-d15f2b58-587d4570 [none]
[debug] [2025-09-21T01:25:15.672Z] <<< [apiv2][status] GET https://firebaseapphosting.googleapis.com/v1beta/projects/hyper-mart-shop/locations/europe-west4/operations/operation-1758417899622-63f45924611a3-d15f2b58-587d4570 200
[debug] [2025-09-21T01:25:15.672Z] <<< [apiv2][body] GET https://firebaseapphosting.googleapis.com/v1beta/projects/hyper-mart-shop/locations/europe-west4/operations/operation-1758417899622-63f45924611a3-d15f2b58-587d4570 {"name":"projects/hyper-mart-shop/locations/europe-west4/operations/operation-1758417899622-63f45924611a3-d15f2b58-587d4570","metadata":{"@type":"type.googleapis.com/google.firebase.apphosting.v1beta.OperationMetadata","createTime":"2025-09-21T01:24:59.665969063Z","target":"projects/hyper-mart-shop/locations/europe-west4/backends/hyper-mart-shop/builds/build-2025-09-21-002","verb":"create","requestedCancellation":false,"apiVersion":"v1beta"},"done":false}
